CONNECTION0* - 	jdbc:derby:cartera
* = current connection
ij> /* 
 * To change this license header, choose License Headers in Project Properties.
 * To change this template file, choose Tools | Templates
 * and open the template in the editor.
 */
/**
 * Author:  emilio
 * Created: Jan 19, 2019
 */

-- MySQL Script generated by MySQL Workbench
-- Sat Jan 19 12:19:56 2019
-- Model: New Model    Version: 1.0
-- MySQL Workbench Forward Engineering

-- -----------------------------------------------------
-- Schema cartera
-- -----------------------------------------------------

-- -----------------------------------------------------
-- Table ESTADO
-- -----------------------------------------------------
CREATE TABLE ESTADO (
  Estado VARCHAR(19) NOT NULL,
  PRIMARY KEY (Estado))
;
0 rows inserted/updated/deleted
ij> -- -----------------------------------------------------
-- Table DELEGACION
-- -----------------------------------------------------
CREATE TABLE DELEGACION (
  Delegacion VARCHAR(22) NOT NULL,
  PRIMARY KEY (Delegacion))
;
0 rows inserted/updated/deleted
ij> -- -----------------------------------------------------
-- Table DOMICILIO
-- -----------------------------------------------------
CREATE TABLE DOMICILIO (
  idDomicilio INT NOT NULL GENERATED ALWAYS AS IDENTITY (START WITH 1, INCREMENT BY 1),
  Calle VARCHAR(45) NOT NULL,
  Exterior VARCHAR(45) NOT NULL,
  Interior VARCHAR(45),
  CodigoPostal VARCHAR(5),
  Colonia VARCHAR(45),
  Delegacion VARCHAR(22),
  Estado VARCHAR(19),
  PRIMARY KEY (idDomicilio),
  CONSTRAINT fk_domicilio_Estado
    FOREIGN KEY (Estado)
    REFERENCES ESTADO (Estado),
  CONSTRAINT fk_domicilio_delegacion
    FOREIGN KEY (Delegacion)
    REFERENCES DELEGACION (Delegacion))
;
0 rows inserted/updated/deleted
ij> -- CREATE INDEX fk_domicilio_estado_idx ON DOMICILIO (Estado ASC) ;

-- CREATE INDEX fk_domicilio_delegacion_idx ON DOMICILIO (Delegacion ASC) ;


-- -----------------------------------------------------
-- Table CLIENTE
-- -----------------------------------------------------
CREATE TABLE CLIENTE (
  idCliente INT NOT NULL GENERATED ALWAYS AS IDENTITY (START WITH 1, INCREMENT BY 1),
  Nombre VARCHAR(45) NOT NULL,
  ApellidoPaterno VARCHAR(45),
  ApellidoMaterno VARCHAR(45),
  Nacimiento DATE,
  PRIMARY KEY (idCliente),
  CONSTRAINT unq_cliente UNIQUE (Nombre,ApellidoPaterno,ApellidoMaterno)
);
0 rows inserted/updated/deleted
ij> -- -----------------------------------------------------
-- Table TIPO_PERSONA
-- -----------------------------------------------------
CREATE TABLE TIPO_PERSONA (
  TipoPersona VARCHAR(6) NOT NULL,
  PRIMARY KEY (TipoPersona))
;
0 rows inserted/updated/deleted
ij> -- -----------------------------------------------------
-- Table ASEGURADO
-- -----------------------------------------------------
CREATE TABLE ASEGURADO (
  idCliente INT NOT NULL,
  TipoPersona VARCHAR(6),
  Rfc VARCHAR(13),
  idDomicilio INT,
  Nota VARCHAR(100),
  PRIMARY KEY (idCliente),
  CONSTRAINT fk_asegurado_idDomicilio
    FOREIGN KEY (idDomicilio)
    REFERENCES DOMICILIO (idDomicilio),
  CONSTRAINT fk_asegurado_cliente
    FOREIGN KEY (idCliente)
    REFERENCES CLIENTE (idCliente),
  CONSTRAINT fk_asegurado_tipoPersona
    FOREIGN KEY (TipoPersona)
    REFERENCES TIPO_PERSONA (TipoPersona))
;
0 rows inserted/updated/deleted
ij> -- CREATE INDEX fk_asegurado_idDomicilio_idx ON ASEGURADO (idDomicilio ASC) ;

-- CREATE INDEX fk_asegurad_tipoPersona_idx ON ASEGURADO (TipoPersona ASC) ;


-- -----------------------------------------------------
-- Table TIPO_TELEFONO
-- -----------------------------------------------------
CREATE TABLE TIPO_TELEFONO (
  TipoTelefono VARCHAR(7) NOT NULL,
  PRIMARY KEY (TipoTelefono))
;
0 rows inserted/updated/deleted
ij> -- -----------------------------------------------------
-- Table TELEFONO
-- -----------------------------------------------------
CREATE TABLE TELEFONO (
  idCliente INT NOT NULL,
  Telefono VARCHAR(13) NOT NULL,
  Extension VARCHAR(6),
  TipoTelefono VARCHAR(7),
  PRIMARY KEY (Telefono, idCliente),
  CONSTRAINT fk_telefono_asegurado
    FOREIGN KEY (idCliente)
    REFERENCES ASEGURADO (idCliente),
  CONSTRAINT fk_telefono_tipoTelefono
    FOREIGN KEY (TipoTelefono)
    REFERENCES TIPO_TELEFONO (TipoTelefono))
;
0 rows inserted/updated/deleted
ij> -- CREATE INDEX fk_telefono_idAsegurado_idx ON TELEFONO (idCliente ASC) ;

-- CREATE INDEX fk_telefono_tipoTelefono_idx ON TELEFONO (TipoTelefono ASC) ;


-- -----------------------------------------------------
-- Table TIPO_EMAIL
-- -----------------------------------------------------
CREATE TABLE TIPO_EMAIL (
  TipoEmail VARCHAR(8) NOT NULL,
  PRIMARY KEY (TipoEmail))
;
0 rows inserted/updated/deleted
ij> -- -----------------------------------------------------
-- Table EMAIL
-- -----------------------------------------------------
CREATE TABLE EMAIL (
  idCliente INT NOT NULL,
  Email VARCHAR(45) NOT NULL,
  TipoEmail VARCHAR(8),
  NOTIFICAR BOOLEAN DEFAULT FALSE NOT NULL,
  PRIMARY KEY (Email, idCliente),
  CONSTRAINT fk_email_asegurado
    FOREIGN KEY (idCliente)
    REFERENCES ASEGURADO (idCliente),
  CONSTRAINT fk_email_tipoEmail
    FOREIGN KEY (TipoEmail)
    REFERENCES TIPO_EMAIL (TipoEmail))
;
0 rows inserted/updated/deleted
ij> -- CREATE INDEX fk_email_idAsegurado_idx ON EMAIL (idCliente ASC) ;

-- CREATE INDEX fk_email_tipoEmail_idx ON EMAIL (TipoEmail ASC) ;


-- -----------------------------------------------------
-- Table ASEGURADORA
-- -----------------------------------------------------
CREATE TABLE ASEGURADORA (
  Aseguradora VARCHAR(30) NOT NULL,
  PRIMARY KEY (Aseguradora))
;
0 rows inserted/updated/deleted
ij> -- -----------------------------------------------------
-- Table RAMO
-- -----------------------------------------------------
CREATE TABLE RAMO (
  Ramo VARCHAR(21) NOT NULL,
  PRIMARY KEY (Ramo))
;
0 rows inserted/updated/deleted
ij> -- -----------------------------------------------------
-- Table CONDUCTO_COBRO
-- -----------------------------------------------------
CREATE TABLE CONDUCTO_COBRO (
  ConductoCobro VARCHAR(6) NOT NULL,
  PRIMARY KEY (ConductoCobro))
;
0 rows inserted/updated/deleted
ij> -- -----------------------------------------------------
-- Table FORMA_PAGO
-- -----------------------------------------------------
CREATE TABLE FORMA_PAGO (
  FormaPago VARCHAR(10) NOT NULL,
  PRIMARY KEY (FormaPago))
;
0 rows inserted/updated/deleted
ij> -- -----------------------------------------------------
-- Table MONEDA
-- -----------------------------------------------------
CREATE TABLE MONEDA (
  Moneda VARCHAR(7) NOT NULL,
  PRIMARY KEY (Moneda))
;
0 rows inserted/updated/deleted
ij> -- -----------------------------------------------------
-- Table ESTADO_POLIZA
-- -----------------------------------------------------
CREATE TABLE ESTADO_POLIZA (
  Estado VARCHAR(10) NOT NULL,
  PRIMARY KEY (Estado))
;
0 rows inserted/updated/deleted
ij> -- -----------------------------------------------------
-- Table POLIZA
-- -----------------------------------------------------
CREATE TABLE POLIZA (
  idPoliza INT NOT NULL GENERATED ALWAYS AS IDENTITY (START WITH 1, INCREMENT BY 1),
  Numero VARCHAR(20) NOT NULL,
  Aseguradora VARCHAR(30) NOT NULL,
  Contratante INT NOT NULL,
  Titular INT NOT NULL,
  Ramo VARCHAR(21) NOT NULL,
  Producto VARCHAR(45),
  Plan VARCHAR(45),
  InicioVigencia DATE NOT NULL,
  FinVigencia DATE NOT NULL,
  ConductoCobro VARCHAR(6) NOT NULL,
  FormaPago VARCHAR(10) NOT NULL,
  Prima DECIMAL(11,2) NOT NULL,
  PrimaMoneda VARCHAR(7) NOT NULL,
  Nota VARCHAR(100),
  Estado VARCHAR(10) NOT NULL,
  PRIMARY KEY (idPoliza),
  CONSTRAINT fk_poliza_conductoCobro
    FOREIGN KEY (ConductoCobro)
    REFERENCES CONDUCTO_COBRO (ConductoCobro),
  CONSTRAINT fk_poliza_formaPago
    FOREIGN KEY (FormaPago)
    REFERENCES FORMA_PAGO (FormaPago),
  CONSTRAINT fk_poliza_ramo
    FOREIGN KEY (Ramo)
    REFERENCES RAMO (Ramo),
  CONSTRAINT fk_poliza_aseguradora
    FOREIGN KEY (Aseguradora)
    REFERENCES ASEGURADORA (Aseguradora),
  CONSTRAINT fk_polizaPrimaMoneda_moneda
    FOREIGN KEY (PrimaMoneda)
    REFERENCES MONEDA (Moneda),
  CONSTRAINT fk_poliza_contratante
    FOREIGN KEY (Contratante)
    REFERENCES ASEGURADO (idCliente),
  CONSTRAINT fk_poliza_titular
    FOREIGN KEY (Titular)
    REFERENCES CLIENTE (idCliente),
  CONSTRAINT fk_poliza_estadoPoliza
    FOREIGN KEY (Estado)
    REFERENCES ESTADO_POLIZA (Estado))
;
0 rows inserted/updated/deleted
ij> -- -----------------------------------------------------
-- Table COBRANZA
-- -----------------------------------------------------
CREATE TABLE COBRANZA (
  Cobranza VARCHAR(9) NOT NULL,
  PRIMARY KEY (Cobranza))
;
0 rows inserted/updated/deleted
ij> -- -----------------------------------------------------
-- Table RECIBO
-- -----------------------------------------------------
CREATE TABLE RECIBO (
  idRecibo INT NOT NULL GENERATED ALWAYS AS IDENTITY (START WITH 1, INCREMENT BY 1),
  idPoliza INT NOT NULL,
  cubreDesde DATE NOT NULL,
  cubreHasta DATE NOT NULL,
  Importe DECIMAL(11,2) NOT NULL,
  Cobranza VARCHAR(9) NOT NULL,
  PRIMARY KEY (idRecibo),
  CONSTRAINT fk_recibo_cobranza
    FOREIGN KEY (Cobranza)
    REFERENCES COBRANZA (Cobranza),
  CONSTRAINT fk_recibo_poliza
    FOREIGN KEY (idPoliza)
    REFERENCES POLIZA (idPoliza))
;
0 rows inserted/updated/deleted
ij> -- CREATE INDEX fk_recibo_cobranza_idx ON RECIBO (Cobranza ASC) ;
-- 
-- CREATE INDEX fk_recibo_poliza_idx ON RECIBO (idPoliza ASC) ;


-- -----------------------------------------------------
-- Table POLIZA_VIDA
-- -----------------------------------------------------
CREATE TABLE POLIZA_VIDA (
  idPoliza INT NOT NULL,
  SumaAsegurada DECIMAL(11,2) NOT NULL,
  SumaAseguradaMoneda VARCHAR(7) NOT NULL,
  PRIMARY KEY (idPoliza),
  CONSTRAINT fk_polizaVida_poliza
    FOREIGN KEY (idPoliza)
    REFERENCES POLIZA (idPoliza),
  CONSTRAINT fk_polizaVidaSumaMoneda_moneda
    FOREIGN KEY (SumaAseguradaMoneda)
    REFERENCES MONEDA (Moneda))
;
0 rows inserted/updated/deleted
ij> -- CREATE INDEX fk_polizaVidaSumaMoneda_moneda_idx ON POLIZA_VIDA (SumaAseguradaMoneda ASC) ;


-- -----------------------------------------------------
-- Table BENEFICIARIO
-- -----------------------------------------------------
CREATE TABLE BENEFICIARIO (
  idCliente INT NOT NULL,
  idPoliza INT NOT NULL,
  PRIMARY KEY (idCliente, idPoliza),
  CONSTRAINT fk_beneficiario_polizaVida
    FOREIGN KEY (idPoliza)
    REFERENCES POLIZA_VIDA (idPoliza),
  CONSTRAINT fk_beneficiario_cliente
    FOREIGN KEY (idCliente)
    REFERENCES CLIENTE (idCliente))
;
0 rows inserted/updated/deleted
ij> -- CREATE INDEX fk_beneficiario_polizaVida_idx ON BENEFICIARIO (idPoliza ASC) ;


-- -----------------------------------------------------
-- Table SUMA_ASEGURADA_AUTO
-- -----------------------------------------------------
CREATE TABLE SUMA_ASEGURADA_AUTO (
  SumaAseguradaAuto VARCHAR(9) NOT NULL,
  PRIMARY KEY (SumaAseguradaAuto))
;
0 rows inserted/updated/deleted
ij> -- -----------------------------------------------------
-- Table POLIZA_AUTO
-- -----------------------------------------------------
CREATE TABLE POLIZA_AUTO (
  idPoliza INT NOT NULL,
  SumaAseguradaAuto VARCHAR(9) NOT NULL,
  PRIMARY KEY (idPoliza),
  CONSTRAINT fk_polizaAuto_poliza
    FOREIGN KEY (idPoliza)
    REFERENCES POLIZA (idPoliza),
  CONSTRAINT fk_polizaAutoSuma_sumaAuto
    FOREIGN KEY (SumaAseguradaAuto)
    REFERENCES SUMA_ASEGURADA_AUTO (SumaAseguradaAuto))
;
0 rows inserted/updated/deleted
ij> -- CREATE INDEX fk_polizaAutoSuma_sumaAuto_idx ON POLIZA_AUTO (SumaAseguradaAuto ASC) ;


-- -----------------------------------------------------
-- Table AUTO
-- -----------------------------------------------------
CREATE TABLE AUTO (
  idAuto INT NOT NULL GENERATED ALWAYS AS IDENTITY (START WITH 1, INCREMENT BY 1),
  idPoliza INT NOT NULL,
  Descripcion VARCHAR(30) NOT NULL,
  Marca VARCHAR(20) NOT NULL,
  Submarca VARCHAR(20) NOT NULL,
  Modelo DATE NOT NULL,
  PRIMARY KEY (idAuto),
  CONSTRAINT fk_auto_polizaAuto
    FOREIGN KEY (idPoliza)
    REFERENCES POLIZA_AUTO (idPoliza))
;
0 rows inserted/updated/deleted
ij> -- -----------------------------------------------------
-- Table POLIZA_GMM
-- -----------------------------------------------------
CREATE TABLE POLIZA_GMM (
  idPoliza INT NOT NULL,
  Deducible DECIMAL(11,2) NOT NULL,
  DeducibleMoneda VARCHAR(7) NOT NULL,
  SumaAsegurada VARCHAR(14) NOT NULL,
  SumaAseguradaMondeda VARCHAR(7) NOT NULL,
  Coaseguro SMALLINT NOT NULL,
  PRIMARY KEY (idPoliza),
  CONSTRAINT fk_polizagmm_poliza
    FOREIGN KEY (idPoliza)
    REFERENCES POLIZA (idPoliza),
  CONSTRAINT fk_polizaGmmDedMoneda_moneda
    FOREIGN KEY (DeducibleMoneda)
    REFERENCES MONEDA (Moneda) ,
  CONSTRAINT fk_polizaGmmSumMoneda_moneda
    FOREIGN KEY (SumaAseguradaMondeda)
    REFERENCES MONEDA (Moneda))
;
0 rows inserted/updated/deleted
ij> -- CREATE INDEX fk_polizaGmmDedMoneda_moneda_idx ON POLIZA_GMM (DeducibleMoneda ASC) ;
-- 
-- CREATE INDEX fk_polizaGmmSumMoneda_moneda_idx ON POLIZA_GMM (SumaAseguradaMondeda ASC) ;


-- -----------------------------------------------------
-- Table DEPENDIENTE
-- -----------------------------------------------------
CREATE TABLE DEPENDIENTE (
  idCliente INT NOT NULL,
  idPoliza INT NOT NULL,
  PRIMARY KEY (idCliente, idPoliza),
  CONSTRAINT fk_dependiente_polizagmm
    FOREIGN KEY (idPoliza)
    REFERENCES POLIZA_GMM (idPoliza),
  CONSTRAINT fk_dependiente_cliente
    FOREIGN KEY (idCliente)
    REFERENCES CLIENTE (idCliente))
;
0 rows inserted/updated/deleted
ij> -- CREATE INDEX fk_dependiente_polizagmm_idx ON DEPENDIENTE (idPoliza ASC) ;


-- -----------------------------------------------------
-- Table TIPO_DOCUMENTO_ASEGURADO
-- -----------------------------------------------------
CREATE TABLE TIPO_DOCUMENTO_ASEGURADO (
  TipoDocumento VARCHAR(14) NOT NULL,
  PRIMARY KEY (TipoDocumento))
;
0 rows inserted/updated/deleted
ij> -- -----------------------------------------------------
-- Table DOCUMENTO_ASEGURADO
-- -----------------------------------------------------
CREATE TABLE DOCUMENTO_ASEGURADO (
  idCliente INT NOT NULL,
  Nombre VARCHAR(45) NOT NULL,
  Extension VARCHAR(6) NOT NULL,
  Archivo BLOB (7M) NOT NULL,
  TipoDocumento VARCHAR(14) NOT NULL,
  Actualizado TIMESTAMP WITH DEFAULT CURRENT_TIMESTAMP,
  PRIMARY KEY (idCliente, Nombre, TipoDocumento),
  CONSTRAINT fk_documentoAsegurado_asegurado
    FOREIGN KEY (idCliente)
    REFERENCES ASEGURADO (idCliente),
  CONSTRAINT fk_documentoAsegurado_tipoDocumentoasegurado
    FOREIGN KEY (TipoDocumento)
    REFERENCES TIPO_DOCUMENTO_ASEGURADO (TipoDocumento))
;
0 rows inserted/updated/deleted
ij> -- CREATE INDEX fk_documentoAsegurado_tipoDocumentoasegurado_idx ON DOCUMENTO_ASEGURADO (TipoDocumento ASC) ;


-- -----------------------------------------------------
-- Table CARATULA
-- -----------------------------------------------------
CREATE TABLE CARATULA (
  idPoliza INT NOT NULL,
  Nombre VARCHAR(45) NOT NULL,
  Extension VARCHAR(6) NOT NULL,
  Archivo BLOB (20M) NOT NULL,
  Actualizado TIMESTAMP WITH DEFAULT CURRENT_TIMESTAMP,
  PRIMARY KEY (idPoliza),
  CONSTRAINT fk_caratula_poliza
    FOREIGN KEY (idPoliza)
    REFERENCES POLIZA (idPoliza))
;
0 rows inserted/updated/deleted
ij> -- -----------------------------------------------------
-- Table DOCUMENTO_RECIBO
-- -----------------------------------------------------
CREATE TABLE DOCUMENTO_RECIBO (
  idRecibo INT NOT NULL,
  Nombre VARCHAR(45) NOT NULL,
  Extension VARCHAR(6) NOT NULL,
  Archivo BLOB (2M) NOT NULL,
  Actualizado TIMESTAMP WITH DEFAULT CURRENT_TIMESTAMP,
  PRIMARY KEY (idRecibo),
  CONSTRAINT fk_documentoRecibo_recibo
    FOREIGN KEY (idRecibo)
    REFERENCES RECIBO (idRecibo))
;
0 rows inserted/updated/deleted
ij> -- -----------------------------------------------------
-- Table ESTADO_NOTIFICACION
-- -----------------------------------------------------
CREATE TABLE  ESTADO_NOTIFICACION (
  EstadoNotificacion VARCHAR(9) NOT NULL,
  PRIMARY KEY (EstadoNotificacion))
;
0 rows inserted/updated/deleted
ij> -- -----------------------------------------------------
-- Table NOTIFICACION_CUMPLE
-- -----------------------------------------------------
CREATE TABLE  NOTIFICACION_CUMPLE (
  idCliente INT NOT NULL,
  Enviado TIMESTAMP,--  WITH DEFAULT CURRENT_TIMESTAMP
  EstadoNotificacion VARCHAR(9) NOT NULL,
  PRIMARY KEY (idCliente),
  CONSTRAINT fk_notifCumple_estadoNotif
    FOREIGN KEY (EstadoNotificacion)
    REFERENCES ESTADO_NOTIFICACION (EstadoNotificacion),
  CONSTRAINT fk_notifCumple_cliente
    FOREIGN KEY (idCliente)
    REFERENCES CLIENTE (idCliente))
;
0 rows inserted/updated/deleted
ij> -- -----------------------------------------------------
-- Table NOTIFICACION_RECIBO
-- -----------------------------------------------------
CREATE TABLE  NOTIFICACION_RECIBO (
  idRecibo INT NOT NULL,
  Enviado TIMESTAMP,--  WITH DEFAULT CURRENT_TIMESTAMP
  EstadoNotificacion VARCHAR(9) NOT NULL,
  PRIMARY KEY (idRecibo),
  CONSTRAINT fk_notifRecibo_estadoNotif
    FOREIGN KEY (EstadoNotificacion)
    REFERENCES ESTADO_NOTIFICACION (EstadoNotificacion),
  CONSTRAINT fk_notifRecibo_recibo
    FOREIGN KEY (idRecibo)
    REFERENCES RECIBO (idRecibo))
;
0 rows inserted/updated/deleted
ij> -- -----------------------------------------------------
-- Data for table ESTADO
-- -----------------------------------------------------

INSERT INTO ESTADO (Estado) VALUES ('Aguascalientes');
1 row inserted/updated/deleted
ij> INSERT INTO ESTADO (Estado) VALUES ('Baja California');
1 row inserted/updated/deleted
ij> INSERT INTO ESTADO (Estado) VALUES ('Baja California Sur');
1 row inserted/updated/deleted
ij> INSERT INTO ESTADO (Estado) VALUES ('Campeche');
1 row inserted/updated/deleted
ij> INSERT INTO ESTADO (Estado) VALUES ('Chiapas');
1 row inserted/updated/deleted
ij> INSERT INTO ESTADO (Estado) VALUES ('Chihuahua');
1 row inserted/updated/deleted
ij> INSERT INTO ESTADO (Estado) VALUES ('Ciudad de México');
1 row inserted/updated/deleted
ij> INSERT INTO ESTADO (Estado) VALUES ('Coahuila');
1 row inserted/updated/deleted
ij> INSERT INTO ESTADO (Estado) VALUES ('Colima');
1 row inserted/updated/deleted
ij> INSERT INTO ESTADO (Estado) VALUES ('Durango');
1 row inserted/updated/deleted
ij> INSERT INTO ESTADO (Estado) VALUES ('Estado de México');
1 row inserted/updated/deleted
ij> INSERT INTO ESTADO (Estado) VALUES ('Guanajuato');
1 row inserted/updated/deleted
ij> INSERT INTO ESTADO (Estado) VALUES ('Guerrero');
1 row inserted/updated/deleted
ij> INSERT INTO ESTADO (Estado) VALUES ('Hidalgo');
1 row inserted/updated/deleted
ij> INSERT INTO ESTADO (Estado) VALUES ('Jalisco');
1 row inserted/updated/deleted
ij> INSERT INTO ESTADO (Estado) VALUES ('Michoacán');
1 row inserted/updated/deleted
ij> INSERT INTO ESTADO (Estado) VALUES ('Morelos');
1 row inserted/updated/deleted
ij> INSERT INTO ESTADO (Estado) VALUES ('Nayarit');
1 row inserted/updated/deleted
ij> INSERT INTO ESTADO (Estado) VALUES ('Nuevo León');
1 row inserted/updated/deleted
ij> INSERT INTO ESTADO (Estado) VALUES ('Oaxaca');
1 row inserted/updated/deleted
ij> INSERT INTO ESTADO (Estado) VALUES ('Puebla');
1 row inserted/updated/deleted
ij> INSERT INTO ESTADO (Estado) VALUES ('Querétaro');
1 row inserted/updated/deleted
ij> INSERT INTO ESTADO (Estado) VALUES ('Quintana Roo');
1 row inserted/updated/deleted
ij> INSERT INTO ESTADO (Estado) VALUES ('San Luis Potosí');
1 row inserted/updated/deleted
ij> INSERT INTO ESTADO (Estado) VALUES ('Sinaloa');
1 row inserted/updated/deleted
ij> INSERT INTO ESTADO (Estado) VALUES ('Sonora');
1 row inserted/updated/deleted
ij> INSERT INTO ESTADO (Estado) VALUES ('Tabasco');
1 row inserted/updated/deleted
ij> INSERT INTO ESTADO (Estado) VALUES ('Tamaulipas');
1 row inserted/updated/deleted
ij> INSERT INTO ESTADO (Estado) VALUES ('Tlaxcala');
1 row inserted/updated/deleted
ij> INSERT INTO ESTADO (Estado) VALUES ('Veracruz');
1 row inserted/updated/deleted
ij> INSERT INTO ESTADO (Estado) VALUES ('Yucatán');
1 row inserted/updated/deleted
ij> INSERT INTO ESTADO (Estado) VALUES ('Zacatecas');
1 row inserted/updated/deleted
ij> -- -----------------------------------------------------
-- Data for table DELEGACION
-- -----------------------------------------------------

INSERT INTO DELEGACION (Delegacion) VALUES ('Álvaro Obregón');
1 row inserted/updated/deleted
ij> INSERT INTO DELEGACION (Delegacion) VALUES ('Azcapotzalco');
1 row inserted/updated/deleted
ij> INSERT INTO DELEGACION (Delegacion) VALUES ('Benito Juárez');
1 row inserted/updated/deleted
ij> INSERT INTO DELEGACION (Delegacion) VALUES ('Coyoacán');
1 row inserted/updated/deleted
ij> INSERT INTO DELEGACION (Delegacion) VALUES ('Cuajimalpa de Morelos');
1 row inserted/updated/deleted
ij> INSERT INTO DELEGACION (Delegacion) VALUES ('Cuauhtémoc');
1 row inserted/updated/deleted
ij> INSERT INTO DELEGACION (Delegacion) VALUES ('Gustavo A. Madero');
1 row inserted/updated/deleted
ij> INSERT INTO DELEGACION (Delegacion) VALUES ('Iztacalco');
1 row inserted/updated/deleted
ij> INSERT INTO DELEGACION (Delegacion) VALUES ('Iztapalapa');
1 row inserted/updated/deleted
ij> INSERT INTO DELEGACION (Delegacion) VALUES ('La Magdalena Contreras');
1 row inserted/updated/deleted
ij> INSERT INTO DELEGACION (Delegacion) VALUES ('Miguel Hidalgo');
1 row inserted/updated/deleted
ij> INSERT INTO DELEGACION (Delegacion) VALUES ('Milpa Alta');
1 row inserted/updated/deleted
ij> INSERT INTO DELEGACION (Delegacion) VALUES ('Tláhuac');
1 row inserted/updated/deleted
ij> INSERT INTO DELEGACION (Delegacion) VALUES ('Tlalpan');
1 row inserted/updated/deleted
ij> INSERT INTO DELEGACION (Delegacion) VALUES ('Venustiano Carranza');
1 row inserted/updated/deleted
ij> INSERT INTO DELEGACION (Delegacion) VALUES ('Xochimilco');
1 row inserted/updated/deleted
ij> -- -----------------------------------------------------
-- Data for table TIPO_PERSONA
-- -----------------------------------------------------

INSERT INTO TIPO_PERSONA (TipoPersona) VALUES ('Física');
1 row inserted/updated/deleted
ij> INSERT INTO TIPO_PERSONA (TipoPersona) VALUES ('Moral');
1 row inserted/updated/deleted
ij> -- -----------------------------------------------------
-- Data for table TIPO_TELEFONO
-- -----------------------------------------------------

INSERT INTO TIPO_TELEFONO (TipoTelefono) VALUES ('Casa');
1 row inserted/updated/deleted
ij> INSERT INTO TIPO_TELEFONO (TipoTelefono) VALUES ('Móvil');
1 row inserted/updated/deleted
ij> INSERT INTO TIPO_TELEFONO (TipoTelefono) VALUES ('Trabajo');
1 row inserted/updated/deleted
ij> -- -----------------------------------------------------
-- Data for table TIPO_EMAIL
-- -----------------------------------------------------

INSERT INTO TIPO_EMAIL (TipoEmail) VALUES ('Personal');
1 row inserted/updated/deleted
ij> INSERT INTO TIPO_EMAIL (TipoEmail) VALUES ('Trabajo');
1 row inserted/updated/deleted
ij> -- -----------------------------------------------------
-- Data for table ASEGURADORA
-- -----------------------------------------------------

INSERT INTO ASEGURADORA (Aseguradora) VALUES ('A.N.A.');
1 row inserted/updated/deleted
ij> INSERT INTO ASEGURADORA (Aseguradora) VALUES ('AIG');
1 row inserted/updated/deleted
ij> INSERT INTO ASEGURADORA (Aseguradora) VALUES ('Allianz');
1 row inserted/updated/deleted
ij> INSERT INTO ASEGURADORA (Aseguradora) VALUES ('Armour Secure Insurance');
1 row inserted/updated/deleted
ij> INSERT INTO ASEGURADORA (Aseguradora) VALUES ('Aserta');
1 row inserted/updated/deleted
ij> INSERT INTO ASEGURADORA (Aseguradora) VALUES ('Insurgentes');
1 row inserted/updated/deleted
ij> INSERT INTO ASEGURADORA (Aseguradora) VALUES ('Assurant');
1 row inserted/updated/deleted
ij> INSERT INTO ASEGURADORA (Aseguradora) VALUES ('Atradius');
1 row inserted/updated/deleted
ij> INSERT INTO ASEGURADORA (Aseguradora) VALUES ('AXA');
1 row inserted/updated/deleted
ij> INSERT INTO ASEGURADORA (Aseguradora) VALUES ('Berkley International');
1 row inserted/updated/deleted
ij> INSERT INTO ASEGURADORA (Aseguradora) VALUES ('Best Doctors');
1 row inserted/updated/deleted
ij> INSERT INTO ASEGURADORA (Aseguradora) VALUES ('BUPA');
1 row inserted/updated/deleted
ij> INSERT INTO ASEGURADORA (Aseguradora) VALUES ('Cardif');
1 row inserted/updated/deleted
ij> INSERT INTO ASEGURADORA (Aseguradora) VALUES ('Chubb');
1 row inserted/updated/deleted
ij> INSERT INTO ASEGURADORA (Aseguradora) VALUES ('Citibanamex');
1 row inserted/updated/deleted
ij> INSERT INTO ASEGURADORA (Aseguradora) VALUES ('El Águila');
1 row inserted/updated/deleted
ij> INSERT INTO ASEGURADORA (Aseguradora) VALUES ('GNP');
1 row inserted/updated/deleted
ij> INSERT INTO ASEGURADORA (Aseguradora) VALUES ('HDI');
1 row inserted/updated/deleted
ij> INSERT INTO ASEGURADORA (Aseguradora) VALUES ('HDI-Gerling');
1 row inserted/updated/deleted
ij> INSERT INTO ASEGURADORA (Aseguradora) VALUES ('HSBC');
1 row inserted/updated/deleted
ij> INSERT INTO ASEGURADORA (Aseguradora) VALUES ('Insignia Life');
1 row inserted/updated/deleted
ij> INSERT INTO ASEGURADORA (Aseguradora) VALUES ('La Latinoamericana Seguros');
1 row inserted/updated/deleted
ij> INSERT INTO ASEGURADORA (Aseguradora) VALUES ('Mapfre');
1 row inserted/updated/deleted
ij> INSERT INTO ASEGURADORA (Aseguradora) VALUES ('MetLife');
1 row inserted/updated/deleted
ij> INSERT INTO ASEGURADORA (Aseguradora) VALUES ('Old Mutual Life');
1 row inserted/updated/deleted
ij> INSERT INTO ASEGURADORA (Aseguradora) VALUES ('Pan-American');
1 row inserted/updated/deleted
ij> INSERT INTO ASEGURADORA (Aseguradora) VALUES ('Plan Seguro');
1 row inserted/updated/deleted
ij> INSERT INTO ASEGURADORA (Aseguradora) VALUES ('Inbursa');
1 row inserted/updated/deleted
ij> INSERT INTO ASEGURADORA (Aseguradora) VALUES ('Quálitas');
1 row inserted/updated/deleted
ij> INSERT INTO ASEGURADORA (Aseguradora) VALUES ('Afirme');
1 row inserted/updated/deleted
ij> INSERT INTO ASEGURADORA (Aseguradora) VALUES ('Argos');
1 row inserted/updated/deleted
ij> INSERT INTO ASEGURADORA (Aseguradora) VALUES ('Atlas');
1 row inserted/updated/deleted
ij> INSERT INTO ASEGURADORA (Aseguradora) VALUES ('Azteca');
1 row inserted/updated/deleted
ij> INSERT INTO ASEGURADORA (Aseguradora) VALUES ('Banorte');
1 row inserted/updated/deleted
ij> INSERT INTO ASEGURADORA (Aseguradora) VALUES ('BBVA Bancomer');
1 row inserted/updated/deleted
ij> INSERT INTO ASEGURADORA (Aseguradora) VALUES ('Sura');
1 row inserted/updated/deleted
ij> INSERT INTO ASEGURADORA (Aseguradora) VALUES ('Monterrey New York Life');
1 row inserted/updated/deleted
ij> INSERT INTO ASEGURADORA (Aseguradora) VALUES ('Tokio Marine');
1 row inserted/updated/deleted
ij> INSERT INTO ASEGURADORA (Aseguradora) VALUES ('UMBRELLA');
1 row inserted/updated/deleted
ij> INSERT INTO ASEGURADORA (Aseguradora) VALUES ('Virginia Surety');
1 row inserted/updated/deleted
ij> INSERT INTO ASEGURADORA (Aseguradora) VALUES ('Zurich');
1 row inserted/updated/deleted
ij> -- -----------------------------------------------------
-- Data for table RAMO
-- -----------------------------------------------------

INSERT INTO RAMO (Ramo) VALUES ('Autos');
1 row inserted/updated/deleted
ij> INSERT INTO RAMO (Ramo) VALUES ('Accidentes personales');
1 row inserted/updated/deleted
ij> INSERT INTO RAMO (Ramo) VALUES ('Empresarial');
1 row inserted/updated/deleted
ij> INSERT INTO RAMO (Ramo) VALUES ('Flotilla');
1 row inserted/updated/deleted
ij> INSERT INTO RAMO (Ramo) VALUES ('Gastos médicos');
1 row inserted/updated/deleted
ij> INSERT INTO RAMO (Ramo) VALUES ('Hogar');
1 row inserted/updated/deleted
ij> INSERT INTO RAMO (Ramo) VALUES ('Inversión');
1 row inserted/updated/deleted
ij> INSERT INTO RAMO (Ramo) VALUES ('Responsabilidad civil');
1 row inserted/updated/deleted
ij> INSERT INTO RAMO (Ramo) VALUES ('Transporte');
1 row inserted/updated/deleted
ij> INSERT INTO RAMO (Ramo) VALUES ('Vida');
1 row inserted/updated/deleted
ij> -- -----------------------------------------------------
-- Data for table CONDUCTO_COBRO
-- -----------------------------------------------------

INSERT INTO CONDUCTO_COBRO (ConductoCobro) VALUES ('Agente');
1 row inserted/updated/deleted
ij> INSERT INTO CONDUCTO_COBRO (ConductoCobro) VALUES ('CAT');
1 row inserted/updated/deleted
ij> INSERT INTO CONDUCTO_COBRO (ConductoCobro) VALUES ('Cash');
1 row inserted/updated/deleted
ij> -- -----------------------------------------------------
-- Data for table FORMA_PAGO
-- -----------------------------------------------------

INSERT INTO FORMA_PAGO (FormaPago) VALUES ('Anual');
1 row inserted/updated/deleted
ij> INSERT INTO FORMA_PAGO (FormaPago) VALUES ('Semestral');
1 row inserted/updated/deleted
ij> INSERT INTO FORMA_PAGO (FormaPago) VALUES ('Trimestral');
1 row inserted/updated/deleted
ij> INSERT INTO FORMA_PAGO (FormaPago) VALUES ('Mensual');
1 row inserted/updated/deleted
ij> -- -----------------------------------------------------
-- Data for table MONEDA
-- -----------------------------------------------------

INSERT INTO MONEDA (Moneda) VALUES ('Pesos');
1 row inserted/updated/deleted
ij> INSERT INTO MONEDA (Moneda) VALUES ('Dólares');
1 row inserted/updated/deleted
ij> INSERT INTO MONEDA (Moneda) VALUES ('UMAM');
1 row inserted/updated/deleted
ij> INSERT INTO MONEDA (Moneda) VALUES ('UDIS');
1 row inserted/updated/deleted
ij> -- -----------------------------------------------------
-- Data for table ESTADO_POLIZA
-- -----------------------------------------------------

INSERT INTO ESTADO_POLIZA (Estado) VALUES ('Vigente');
1 row inserted/updated/deleted
ij> INSERT INTO ESTADO_POLIZA (Estado) VALUES ('Renovada');
1 row inserted/updated/deleted
ij> INSERT INTO ESTADO_POLIZA (Estado) VALUES ('Cancelada');
1 row inserted/updated/deleted
ij> -- -----------------------------------------------------
-- Data for table COBRANZA
-- -----------------------------------------------------

INSERT INTO COBRANZA (Cobranza) VALUES ('Pendiente');
1 row inserted/updated/deleted
ij> INSERT INTO COBRANZA (Cobranza) VALUES ('Pagado');
1 row inserted/updated/deleted
ij> -- -----------------------------------------------------
-- Data for table SUMA_ASEGURADA_AUTO
-- -----------------------------------------------------

INSERT INTO SUMA_ASEGURADA_AUTO (SumaAseguradaAuto) VALUES ('Factura');
1 row inserted/updated/deleted
ij> INSERT INTO SUMA_ASEGURADA_AUTO (SumaAseguradaAuto) VALUES ('Comercial');
1 row inserted/updated/deleted
ij> -- -----------------------------------------------------
-- Data for table TIPO_DOCUMENTO_ASEGURADO
-- -----------------------------------------------------

INSERT INTO TIPO_DOCUMENTO_ASEGURADO (TipoDocumento) VALUES ('Domicilio');
1 row inserted/updated/deleted
ij> INSERT INTO TIPO_DOCUMENTO_ASEGURADO (TipoDocumento) VALUES ('Identificación');
1 row inserted/updated/deleted
ij> INSERT INTO TIPO_DOCUMENTO_ASEGURADO (TipoDocumento) VALUES ('RFC');
1 row inserted/updated/deleted
ij> INSERT INTO TIPO_DOCUMENTO_ASEGURADO (TipoDocumento) VALUES ('Otro');
1 row inserted/updated/deleted
ij> -- -----------------------------------------------------
-- Data for table ESTADO_NOTIFICACION
-- -----------------------------------------------------
INSERT INTO ESTADO_NOTIFICACION (EstadoNotificacion) VALUES ('Pendiente');
1 row inserted/updated/deleted
ij> INSERT INTO ESTADO_NOTIFICACION (EstadoNotificacion) VALUES ('Enviado');
1 row inserted/updated/deleted
ij> INFO  | 2019-04-15 11:17:36 | [JavaFX Application Thread] ui.MainApp (start) - Application started
INFO  | 2019-04-15 12:36:00 | [JavaFX Application Thread] ui.MainApp (start) - Application started
INFO  | 2019-04-15 12:59:19 | [JavaFX Application Thread] ui.MainApp (start) - Application started
INFO  | 2019-04-15 14:03:08 | [JavaFX Application Thread] ui.MainApp (stop) - Stopping Control de Cartera
INFO  | 2019-04-15 15:57:20 | [JavaFX Application Thread] ui.MainApp (start) - Application started
INFO  | 2019-04-15 16:04:53 | [JavaFX Application Thread] ui.MainApp (stop) - Stopping Control de Cartera
INFO  | 2019-04-15 19:59:45 | [JavaFX Application Thread] ui.MainApp (start) - Application started
ERROR | 2019-04-15 20:03:09 | [JavaFX Application Thread] globals.BaseDeDatos (importarAsegurados) - Ha ocurrido una error
javax.persistence.PersistenceException: org.hibernate.PersistentObjectException: detached entity passed to persist: com.embuckets.controlcartera.entidades.Poliza
	at org.hibernate.internal.ExceptionConverterImpl.convert(ExceptionConverterImpl.java:154) ~[hibernate-core-5.4.2.Final.jar:5.4.2.Final]
	at org.hibernate.internal.ExceptionConverterImpl.convert(ExceptionConverterImpl.java:181) ~[hibernate-core-5.4.2.Final.jar:5.4.2.Final]
	at org.hibernate.internal.ExceptionConverterImpl.convert(ExceptionConverterImpl.java:188) ~[hibernate-core-5.4.2.Final.jar:5.4.2.Final]
	at org.hibernate.internal.SessionImpl.firePersist(SessionImpl.java:811) ~[hibernate-core-5.4.2.Final.jar:5.4.2.Final]
	at org.hibernate.internal.SessionImpl.persist(SessionImpl.java:789) ~[hibernate-core-5.4.2.Final.jar:5.4.2.Final]
	at com.embuckets.controlcartera.entidades.controladores.PolizaJpaController.create(PolizaJpaController.java:254) ~[classes/:?]
	at com.embuckets.controlcartera.entidades.controladores.AseguradoJpaController.importarAsegurados(AseguradoJpaController.java:136) ~[classes/:?]
	at com.embuckets.controlcartera.entidades.globals.BaseDeDatos.importarAsegurados(BaseDeDatos.java:269) ~[classes/:?]
	at com.embuckets.controlcartera.ui.HomeController.importarCartera(HomeController.java:332) ~[classes/:?]
	at sun.reflect.NativeMethodAccessorImpl.invoke0(Native Method) ~[?:1.8.0_192]
	at sun.reflect.NativeMethodAccessorImpl.invoke(NativeMethodAccessorImpl.java:62) ~[?:1.8.0_192]
	at sun.reflect.DelegatingMethodAccessorImpl.invoke(DelegatingMethodAccessorImpl.java:43) ~[?:1.8.0_192]
	at java.lang.reflect.Method.invoke(Method.java:498) ~[?:1.8.0_192]
	at sun.reflect.misc.Trampoline.invoke(MethodUtil.java:71) ~[?:1.8.0_192]
	at sun.reflect.GeneratedMethodAccessor20.invoke(Unknown Source) ~[?:?]
	at sun.reflect.DelegatingMethodAccessorImpl.invoke(DelegatingMethodAccessorImpl.java:43) ~[?:1.8.0_192]
	at java.lang.reflect.Method.invoke(Method.java:498) ~[?:1.8.0_192]
	at sun.reflect.misc.MethodUtil.invoke(MethodUtil.java:275) ~[?:1.8.0_192]
	at javafx.fxml.FXMLLoader$MethodHandler.invoke(FXMLLoader.java:1769) ~[jfxrt.jar:?]
	at javafx.fxml.FXMLLoader$ControllerMethodEventHandler.handle(FXMLLoader.java:1657) ~[jfxrt.jar:?]
	at com.sun.javafx.event.CompositeEventHandler.dispatchBubblingEvent(CompositeEventHandler.java:86) ~[jfxrt.jar:?]
	at com.sun.javafx.event.EventHandlerManager.dispatchBubblingEvent(EventHandlerManager.java:238) ~[jfxrt.jar:?]
	at com.sun.javafx.event.EventHandlerManager.dispatchBubblingEvent(EventHandlerManager.java:191) ~[jfxrt.jar:?]
	at com.sun.javafx.event.BasicEventDispatcher.dispatchEvent(BasicEventDispatcher.java:58) ~[jfxrt.jar:?]
	at com.sun.javafx.event.EventDispatchChainImpl.dispatchEvent(EventDispatchChainImpl.java:114) ~[jfxrt.jar:?]
	at com.sun.javafx.event.EventUtil.fireEventImpl(EventUtil.java:74) ~[jfxrt.jar:?]
	at com.sun.javafx.event.EventUtil.fireEvent(EventUtil.java:49) ~[jfxrt.jar:?]
	at javafx.event.Event.fireEvent(Event.java:198) ~[jfxrt.jar:?]
	at javafx.scene.control.MenuItem.fire(MenuItem.java:462) ~[jfxrt.jar:?]
	at com.sun.javafx.scene.control.skin.ContextMenuContent$MenuItemContainer.doSelect(ContextMenuContent.java:1405) ~[jfxrt.jar:?]
	at com.sun.javafx.scene.control.skin.ContextMenuContent$MenuItemContainer.lambda$createChildren$343(ContextMenuContent.java:1358) ~[jfxrt.jar:?]
	at com.sun.javafx.event.CompositeEventHandler$NormalEventHandlerRecord.handleBubblingEvent(CompositeEventHandler.java:218) ~[jfxrt.jar:?]
	at com.sun.javafx.event.CompositeEventHandler.dispatchBubblingEvent(CompositeEventHandler.java:80) ~[jfxrt.jar:?]
	at com.sun.javafx.event.EventHandlerManager.dispatchBubblingEvent(EventHandlerManager.java:238) ~[jfxrt.jar:?]
	at com.sun.javafx.event.EventHandlerManager.dispatchBubblingEvent(EventHandlerManager.java:191) ~[jfxrt.jar:?]
	at com.sun.javafx.event.CompositeEventDispatcher.dispatchBubblingEvent(CompositeEventDispatcher.java:59) ~[jfxrt.jar:?]
	at com.sun.javafx.event.BasicEventDispatcher.dispatchEvent(BasicEventDispatcher.java:58) ~[jfxrt.jar:?]
	at com.sun.javafx.event.EventDispatchChainImpl.dispatchEvent(EventDispatchChainImpl.java:114) ~[jfxrt.jar:?]
	at com.sun.javafx.event.BasicEventDispatcher.dispatchEvent(BasicEventDispatcher.java:56) ~[jfxrt.jar:?]
	at com.sun.javafx.event.EventDispatchChainImpl.dispatchEvent(EventDispatchChainImpl.java:114) ~[jfxrt.jar:?]
	at com.sun.javafx.event.BasicEventDispatcher.dispatchEvent(BasicEventDispatcher.java:56) ~[jfxrt.jar:?]
	at com.sun.javafx.event.EventDispatchChainImpl.dispatchEvent(EventDispatchChainImpl.java:114) ~[jfxrt.jar:?]
	at com.sun.javafx.event.BasicEventDispatcher.dispatchEvent(BasicEventDispatcher.java:56) ~[jfxrt.jar:?]
	at com.sun.javafx.event.EventDispatchChainImpl.dispatchEvent(EventDispatchChainImpl.java:114) ~[jfxrt.jar:?]
	at com.sun.javafx.event.EventUtil.fireEventImpl(EventUtil.java:74) ~[jfxrt.jar:?]
	at com.sun.javafx.event.EventUtil.fireEvent(EventUtil.java:54) ~[jfxrt.jar:?]
	at javafx.event.Event.fireEvent(Event.java:198) ~[jfxrt.jar:?]
	at javafx.scene.Scene$MouseHandler.process(Scene.java:3757) ~[jfxrt.jar:?]
	at javafx.scene.Scene$MouseHandler.access$1500(Scene.java:3485) ~[jfxrt.jar:?]
	at javafx.scene.Scene.impl_processMouseEvent(Scene.java:1762) ~[jfxrt.jar:?]
	at javafx.scene.Scene$ScenePeerListener.mouseEvent(Scene.java:2494) ~[jfxrt.jar:?]
	at com.sun.javafx.tk.quantum.GlassViewEventHandler$MouseEventNotification.run(GlassViewEventHandler.java:394) ~[jfxrt.jar:?]
	at com.sun.javafx.tk.quantum.GlassViewEventHandler$MouseEventNotification.run(GlassViewEventHandler.java:295) ~[jfxrt.jar:?]
	at java.security.AccessController.doPrivileged(Native Method) ~[?:1.8.0_192]
	at com.sun.javafx.tk.quantum.GlassViewEventHandler.lambda$handleMouseEvent$353(GlassViewEventHandler.java:432) ~[jfxrt.jar:?]
	at com.sun.javafx.tk.quantum.QuantumToolkit.runWithoutRenderLock(QuantumToolkit.java:389) ~[jfxrt.jar:?]
	at com.sun.javafx.tk.quantum.GlassViewEventHandler.handleMouseEvent(GlassViewEventHandler.java:431) ~[jfxrt.jar:?]
	at com.sun.glass.ui.View.handleMouseEvent(View.java:555) ~[jfxrt.jar:?]
	at com.sun.glass.ui.View.notifyMouse(View.java:937) ~[jfxrt.jar:?]
	at com.sun.glass.ui.win.WinApplication._runLoop(Native Method) ~[jfxrt.jar:?]
	at com.sun.glass.ui.win.WinApplication.lambda$null$147(WinApplication.java:177) ~[jfxrt.jar:?]
	at java.lang.Thread.run(Thread.java:748) [?:1.8.0_192]
Caused by: org.hibernate.PersistentObjectException: detached entity passed to persist: com.embuckets.controlcartera.entidades.Poliza
	at org.hibernate.event.internal.DefaultPersistEventListener.onPersist(DefaultPersistEventListener.java:127) ~[hibernate-core-5.4.2.Final.jar:5.4.2.Final]
	at org.hibernate.event.internal.DefaultPersistEventListener.onPersist(DefaultPersistEventListener.java:62) ~[hibernate-core-5.4.2.Final.jar:5.4.2.Final]
	at org.hibernate.internal.SessionImpl.firePersist(SessionImpl.java:804) ~[hibernate-core-5.4.2.Final.jar:5.4.2.Final]
	... 58 more
INFO  | 2019-04-15 21:32:45 | [JavaFX Application Thread] ui.MainApp (stop) - Stopping Control de Cartera
INFO  | 2019-05-02 11:54:15 | [JavaFX Application Thread] ui.MainApp (start) - Application started
INFO  | 2019-05-02 12:03:39 | [JavaFX Application Thread] ui.MainApp (stop) - Stopping Control de Cartera
INFO  | 2019-05-02 12:16:15 | [JavaFX Application Thread] ui.MainApp (start) - Application started
INFO  | 2019-05-02 12:17:10 | [JavaFX Application Thread] ui.MainApp (stop) - Stopping Control de Cartera
INFO  | 2019-05-02 12:27:47 | [JavaFX Application Thread] ui.MainApp (start) - Application started
INFO  | 2019-05-02 13:33:27 | [JavaFX Application Thread] ui.MainApp (stop) - Stopping Control de Cartera
